{"/home/luisfergm/Escritorio/aDESPLEGARenGIT/Testing/4-testing-jest-testing_library/4-testing-jest-testing_library/.jest/mocks/LoginForm.mock.js": {"path":"/home/luisfergm/Escritorio/aDESPLEGARenGIT/Testing/4-testing-jest-testing_library/4-testing-jest-testing_library/.jest/mocks/LoginForm.mock.js","statementMap":{"0":{"start":{"line":1,"column":22},"end":{"line":4,"column":1}},"1":{"start":{"line":6,"column":27},"end":{"line":9,"column":1}}},"fnMap":{},"branchMap":{},"s":{"0":1,"1":1},"f":{},"b":{},"_coverageSchema":"1a1c01bbd47fc00a2c39e90264f33305004495a9","hash":"dcbbd864f9eafa53812c864b2e2d9a4b1c240996"}
,"/home/luisfergm/Escritorio/aDESPLEGARenGIT/Testing/4-testing-jest-testing_library/4-testing-jest-testing_library/src/components/index.js": {"path":"/home/luisfergm/Escritorio/aDESPLEGARenGIT/Testing/4-testing-jest-testing_library/4-testing-jest-testing_library/src/components/index.js","statementMap":{},"fnMap":{},"branchMap":{},"s":{},"f":{},"b":{},"_coverageSchema":"1a1c01bbd47fc00a2c39e90264f33305004495a9","hash":"d61346890ca7ee2fe7d1404e3fcd8d39c2649164"}
,"/home/luisfergm/Escritorio/aDESPLEGARenGIT/Testing/4-testing-jest-testing_library/4-testing-jest-testing_library/src/components/CustomButton/index.jsx": {"path":"/home/luisfergm/Escritorio/aDESPLEGARenGIT/Testing/4-testing-jest-testing_library/4-testing-jest-testing_library/src/components/CustomButton/index.jsx","statementMap":{"0":{"start":{"line":3,"column":21},"end":{"line":14,"column":1}},"1":{"start":{"line":4,"column":1},"end":{"line":13,"column":3}}},"fnMap":{"0":{"name":"(anonymous_0)","decl":{"start":{"line":3,"column":21},"end":{"line":3,"column":22}},"loc":{"start":{"line":3,"column":63},"end":{"line":14,"column":1}},"line":3}},"branchMap":{"0":{"loc":{"start":{"line":9,"column":13},"end":{"line":9,"column":33}},"type":"binary-expr","locations":[{"start":{"line":9,"column":13},"end":{"line":9,"column":21}},{"start":{"line":9,"column":25},"end":{"line":9,"column":33}}],"line":9}},"s":{"0":1,"1":85},"f":{"0":85},"b":{"0":[85,78]},"_coverageSchema":"1a1c01bbd47fc00a2c39e90264f33305004495a9","hash":"8ac262c7ba557ef0157ba2afce67d1ccb2d2c79b"}
,"/home/luisfergm/Escritorio/aDESPLEGARenGIT/Testing/4-testing-jest-testing_library/4-testing-jest-testing_library/src/components/CustomInput/index.jsx": {"path":"/home/luisfergm/Escritorio/aDESPLEGARenGIT/Testing/4-testing-jest-testing_library/4-testing-jest-testing_library/src/components/CustomInput/index.jsx","statementMap":{"0":{"start":{"line":4,"column":23},"end":{"line":10,"column":1}},"1":{"start":{"line":5,"column":1},"end":{"line":9,"column":3}},"2":{"start":{"line":12,"column":20},"end":{"line":35,"column":1}},"3":{"start":{"line":19,"column":30},"end":{"line":19,"column":46}},"4":{"start":{"line":20,"column":1},"end":{"line":34,"column":3}}},"fnMap":{"0":{"name":"(anonymous_0)","decl":{"start":{"line":4,"column":23},"end":{"line":4,"column":24}},"loc":{"start":{"line":4,"column":45},"end":{"line":10,"column":1}},"line":4},"1":{"name":"(anonymous_1)","decl":{"start":{"line":12,"column":20},"end":{"line":12,"column":21}},"loc":{"start":{"line":18,"column":6},"end":{"line":35,"column":1}},"line":18}},"branchMap":{"0":{"loc":{"start":{"line":5,"column":8},"end":{"line":9,"column":2}},"type":"cond-expr","locations":[{"start":{"line":6,"column":2},"end":{"line":6,"column":65}},{"start":{"line":8,"column":2},"end":{"line":8,"column":4}}],"line":5},"1":{"loc":{"start":{"line":13,"column":1},"end":{"line":13,"column":10}},"type":"default-arg","locations":[{"start":{"line":13,"column":8},"end":{"line":13,"column":10}}],"line":13},"2":{"loc":{"start":{"line":14,"column":1},"end":{"line":14,"column":11}},"type":"default-arg","locations":[{"start":{"line":14,"column":9},"end":{"line":14,"column":11}}],"line":14},"3":{"loc":{"start":{"line":15,"column":1},"end":{"line":15,"column":14}},"type":"default-arg","locations":[{"start":{"line":15,"column":8},"end":{"line":15,"column":14}}],"line":15},"4":{"loc":{"start":{"line":16,"column":1},"end":{"line":16,"column":17}},"type":"default-arg","locations":[{"start":{"line":16,"column":12},"end":{"line":16,"column":17}}],"line":16},"5":{"loc":{"start":{"line":17,"column":1},"end":{"line":17,"column":17}},"type":"default-arg","locations":[{"start":{"line":17,"column":12},"end":{"line":17,"column":17}}],"line":17},"6":{"loc":{"start":{"line":26,"column":11},"end":{"line":26,"column":35}},"type":"binary-expr","locations":[{"start":{"line":26,"column":11},"end":{"line":26,"column":17}},{"start":{"line":26,"column":21},"end":{"line":26,"column":35}}],"line":26},"7":{"loc":{"start":{"line":32,"column":4},"end":{"line":32,"column":42}},"type":"binary-expr","locations":[{"start":{"line":32,"column":4},"end":{"line":32,"column":10}},{"start":{"line":32,"column":14},"end":{"line":32,"column":42}}],"line":32}},"s":{"0":1,"1":170,"2":1,"3":170,"4":170},"f":{"0":170,"1":170},"b":{"0":[49,121],"1":[0],"2":[0],"3":[85],"4":[170],"5":[170],"6":[170,170],"7":[170,170]},"_coverageSchema":"1a1c01bbd47fc00a2c39e90264f33305004495a9","hash":"74343e3f1a1b65d840f07ad6bbf4d2badb1bfa67"}
,"/home/luisfergm/Escritorio/aDESPLEGARenGIT/Testing/4-testing-jest-testing_library/4-testing-jest-testing_library/src/pages/Login/LoginForm.jsx": {"path":"/home/luisfergm/Escritorio/aDESPLEGARenGIT/Testing/4-testing-jest-testing_library/4-testing-jest-testing_library/src/pages/Login/LoginForm.jsx","statementMap":{"0":{"start":{"line":9,"column":18},"end":{"line":69,"column":1}},"1":{"start":{"line":17,"column":5},"end":{"line":21,"column":3}},"2":{"start":{"line":23,"column":23},"end":{"line":23,"column":40}},"3":{"start":{"line":24,"column":23},"end":{"line":24,"column":40}},"4":{"start":{"line":26,"column":18},"end":{"line":31,"column":2}},"5":{"start":{"line":27,"column":2},"end":{"line":27,"column":24}},"6":{"start":{"line":28,"column":17},"end":{"line":28,"column":41}},"7":{"start":{"line":29,"column":2},"end":{"line":29,"column":26}},"8":{"start":{"line":30,"column":2},"end":{"line":30,"column":10}},"9":{"start":{"line":33,"column":1},"end":{"line":68,"column":3}}},"fnMap":{"0":{"name":"(anonymous_0)","decl":{"start":{"line":9,"column":18},"end":{"line":9,"column":19}},"loc":{"start":{"line":9,"column":24},"end":{"line":69,"column":1}},"line":9},"1":{"name":"(anonymous_1)","decl":{"start":{"line":26,"column":18},"end":{"line":26,"column":19}},"loc":{"start":{"line":26,"column":32},"end":{"line":31,"column":2}},"line":26}},"branchMap":{},"s":{"0":1,"1":92,"2":92,"3":92,"4":92,"5":1,"6":1,"7":1,"8":1,"9":92},"f":{"0":92,"1":1},"b":{},"_coverageSchema":"1a1c01bbd47fc00a2c39e90264f33305004495a9","hash":"a0cb415f8ff98070bf3b73ce1f828d95256e13ee"}
,"/home/luisfergm/Escritorio/aDESPLEGARenGIT/Testing/4-testing-jest-testing_library/4-testing-jest-testing_library/src/pages/Login/components/index.js": {"path":"/home/luisfergm/Escritorio/aDESPLEGARenGIT/Testing/4-testing-jest-testing_library/4-testing-jest-testing_library/src/pages/Login/components/index.js","statementMap":{},"fnMap":{},"branchMap":{},"s":{},"f":{},"b":{},"_coverageSchema":"1a1c01bbd47fc00a2c39e90264f33305004495a9","hash":"f467d656bb635e5671c46c0c2e920ab665506eac"}
,"/home/luisfergm/Escritorio/aDESPLEGARenGIT/Testing/4-testing-jest-testing_library/4-testing-jest-testing_library/src/pages/Login/schemas/index.js": {"path":"/home/luisfergm/Escritorio/aDESPLEGARenGIT/Testing/4-testing-jest-testing_library/4-testing-jest-testing_library/src/pages/Login/schemas/index.js","statementMap":{},"fnMap":{},"branchMap":{},"s":{},"f":{},"b":{},"_coverageSchema":"1a1c01bbd47fc00a2c39e90264f33305004495a9","hash":"0001aef230699ba39112daff0e98f3fdaef81bbd"}
,"/home/luisfergm/Escritorio/aDESPLEGARenGIT/Testing/4-testing-jest-testing_library/4-testing-jest-testing_library/src/pages/Login/schemas/login-form.schema.js": {"path":"/home/luisfergm/Escritorio/aDESPLEGARenGIT/Testing/4-testing-jest-testing_library/4-testing-jest-testing_library/src/pages/Login/schemas/login-form.schema.js","statementMap":{"0":{"start":{"line":3,"column":31},"end":{"line":16,"column":2}}},"fnMap":{},"branchMap":{},"s":{"0":1},"f":{},"b":{},"_coverageSchema":"1a1c01bbd47fc00a2c39e90264f33305004495a9","hash":"05ce4bcbcd7e0b4003c9a13817560fc7565d0ad2"}
,"/home/luisfergm/Escritorio/aDESPLEGARenGIT/Testing/4-testing-jest-testing_library/4-testing-jest-testing_library/src/pages/Login/services/call-endpoint.js": {"path":"/home/luisfergm/Escritorio/aDESPLEGARenGIT/Testing/4-testing-jest-testing_library/4-testing-jest-testing_library/src/pages/Login/services/call-endpoint.js","statementMap":{"0":{"start":{"line":3,"column":28},"end":{"line":7,"column":1}},"1":{"start":{"line":4,"column":1},"end":{"line":6,"column":35}},"2":{"start":{"line":6,"column":20},"end":{"line":6,"column":33}}},"fnMap":{"0":{"name":"(anonymous_0)","decl":{"start":{"line":3,"column":28},"end":{"line":3,"column":29}},"loc":{"start":{"line":3,"column":36},"end":{"line":7,"column":1}},"line":3},"1":{"name":"(anonymous_1)","decl":{"start":{"line":6,"column":8},"end":{"line":6,"column":9}},"loc":{"start":{"line":6,"column":20},"end":{"line":6,"column":33}},"line":6}},"branchMap":{},"s":{"0":1,"1":1,"2":1},"f":{"0":1,"1":1},"b":{},"_coverageSchema":"1a1c01bbd47fc00a2c39e90264f33305004495a9","hash":"bad55c6e4fac1d23dd9fbc80eef4f440762b73c5"}
,"/home/luisfergm/Escritorio/aDESPLEGARenGIT/Testing/4-testing-jest-testing_library/4-testing-jest-testing_library/src/pages/Login/services/index.js": {"path":"/home/luisfergm/Escritorio/aDESPLEGARenGIT/Testing/4-testing-jest-testing_library/4-testing-jest-testing_library/src/pages/Login/services/index.js","statementMap":{},"fnMap":{},"branchMap":{},"s":{},"f":{},"b":{},"_coverageSchema":"1a1c01bbd47fc00a2c39e90264f33305004495a9","hash":"807cc03b766657ad13dae8592c2816598f310564"}
}
