TN:
SF:.jest/mocks/LoginForm.mock.js
FNF:0
FNH:0
DA:1,1
DA:6,1
LF:2
LH:2
BRF:0
BRH:0
end_of_record
TN:
SF:src/components/index.js
FNF:0
FNH:0
LF:0
LH:0
BRF:0
BRH:0
end_of_record
TN:
SF:src/components/CustomButton/index.jsx
FN:3,(anonymous_0)
FNF:1
FNH:1
FNDA:85,(anonymous_0)
DA:3,1
DA:4,85
LF:2
LH:2
BRDA:9,0,0,85
BRDA:9,0,1,78
BRF:2
BRH:2
end_of_record
TN:
SF:src/components/CustomInput/index.jsx
FN:4,(anonymous_0)
FN:12,(anonymous_1)
FNF:2
FNH:2
FNDA:170,(anonymous_0)
FNDA:170,(anonymous_1)
DA:4,1
DA:5,170
DA:12,1
DA:19,170
DA:20,170
LF:5
LH:5
BRDA:5,0,0,49
BRDA:5,0,1,121
BRDA:13,1,0,0
BRDA:14,2,0,0
BRDA:15,3,0,85
BRDA:16,4,0,170
BRDA:17,5,0,170
BRDA:26,6,0,170
BRDA:26,6,1,170
BRDA:32,7,0,170
BRDA:32,7,1,170
BRF:11
BRH:9
end_of_record
TN:
SF:src/pages/Login/LoginForm.jsx
FN:9,(anonymous_0)
FN:26,(anonymous_1)
FNF:2
FNH:2
FNDA:92,(anonymous_0)
FNDA:1,(anonymous_1)
DA:9,1
DA:17,92
DA:23,92
DA:24,92
DA:26,92
DA:27,1
DA:28,1
DA:29,1
DA:30,1
DA:33,92
LF:10
LH:10
BRF:0
BRH:0
end_of_record
TN:
SF:src/pages/Login/components/index.js
FNF:0
FNH:0
LF:0
LH:0
BRF:0
BRH:0
end_of_record
TN:
SF:src/pages/Login/schemas/index.js
FNF:0
FNH:0
LF:0
LH:0
BRF:0
BRH:0
end_of_record
TN:
SF:src/pages/Login/schemas/login-form.schema.js
FNF:0
FNH:0
DA:3,1
LF:1
LH:1
BRF:0
BRH:0
end_of_record
TN:
SF:src/pages/Login/services/call-endpoint.js
FN:3,(anonymous_0)
FN:6,(anonymous_1)
FNF:2
FNH:2
FNDA:1,(anonymous_0)
FNDA:1,(anonymous_1)
DA:3,1
DA:4,1
DA:6,1
LF:3
LH:3
BRF:0
BRH:0
end_of_record
TN:
SF:src/pages/Login/services/index.js
FNF:0
FNH:0
LF:0
LH:0
BRF:0
BRH:0
end_of_record
